<?xml version="1.0" encoding="UTF-8"?>
<testsuite xmlns:xsi="http://www.w3.org/2001/XMLSchema-instance" xsi:schemaLocation="https://maven.apache.org/surefire/maven-surefire-plugin/xsd/surefire-test-report.xsd" name="TestSuite" time="30.888" tests="5" errors="0" skipped="0" failures="2">
  <properties>
[...]
</properties>
  <testcase name="JMB_TC_001" classname="com.testCases.JMB_TC_001" time="6.543"/>
  <testcase name="JMB_TC_002" classname="com.testCases.JMB_TC_002" time="3.211">
    <failure message="The following asserts failed:&#10;	expected [false] but found [true]" type="java.lang.AssertionError">java.lang.AssertionError: 
The following asserts failed:
	expected [false] but found [true]
	at com.testCases.JMB_TC_002.JMB_TC_002(JMB_TC_002.java:62)
</failure>
    <system-out><![CDATA[DEBUG [main] (BaseClass.java:38)- Debug logging has started 
 INFO [main] (JMB_TC_002.java:37)- Login Successful!
 INFO [main] (JMB_TC_002.java:59)- Test Failed! Widnow didnt opened as expected
Screenshot taken
]]></system-out>
    <system-err><![CDATA[Starting ChromeDriver 80.0.3987.16 (320f6526c1632ad4f205ebce69b99a062ed78647-refs/branch-heads/3987@{#185}) on port 7374
Only local connections are allowed.
Please protect ports used by ChromeDriver and related test frameworks to prevent access by malicious code.
Feb 28, 2020 11:50:20 PM org.openqa.selenium.remote.ProtocolHandshake createSession
INFO: Detected dialect: W3C
[1582951820.465][SEVERE]: Timed out receiving message from renderer: 0.100
[1582951820.948][SEVERE]: Timed out receiving message from renderer: 0.100
[1582951821.507][SEVERE]: Timed out receiving message from renderer: 0.100
[1582951822.823][SEVERE]: Timed out receiving message from renderer: 0.100
]]></system-err>
  </testcase>
  <testcase name="JMB_TC_003" classname="com.testCases.JMB_TC_003" time="4.297">
    <failure message="no such element: Unable to locate element: {&quot;method&quot;:&quot;xpath&quot;,&quot;selector&quot;:&quot;//ul[@class=&apos;left_link&apos;]//a[contains(text(),&apos;Past Jombone Employments&apos;)]&quot;}&#10;  (Session info: chrome=80.0.3987.122)&#10;For documentation on this error, please visit: https://www.seleniumhq.org/exceptions/no_such_element.html&#10;Build info: version: &apos;3.141.59&apos;, revision: &apos;e82be7d358&apos;, time: &apos;2018-11-14T08:17:03&apos;&#10;System info: host: &apos;Motasems-MacBook-Pro.local&apos;, ip: &apos;2607:fea8:4f20:dcd8:0:0:0:4%en0&apos;, os.name: &apos;Mac OS X&apos;, os.arch: &apos;x86_64&apos;, os.version: &apos;10.14.6&apos;, java.version: &apos;10.0.2&apos;&#10;Driver info: org.openqa.selenium.chrome.ChromeDriver&#10;Capabilities {acceptInsecureCerts: false, browserName: chrome, browserVersion: 80.0.3987.122, chrome: {chromedriverVersion: 80.0.3987.16 (320f6526c1632..., userDataDir: /var/folders/7c/tgn6552x7db...}, goog:chromeOptions: {debuggerAddress: localhost:56689}, javascriptEnabled: true, networkConnectionEnabled: false, pageLoadStrategy: normal, platform: MAC, platformName: MAC, proxy: Proxy(), setWindowRect: true, strictFileInteractability: false, timeouts: {implicit: 0, pageLoad: 300000, script: 30000}, unhandledPromptBehavior: dismiss and notify}&#10;Session ID: a7d3516daffd8ed11ef9728968afc177&#10;*** Element info: {Using=xpath, value=//ul[@class=&apos;left_link&apos;]//a[contains(text(),&apos;Past Jombone Employments&apos;)]}" type="org.openqa.selenium.NoSuchElementException">org.openqa.selenium.NoSuchElementException: 
no such element: Unable to locate element: {"method":"xpath","selector":"//ul[@class='left_link']//a[contains(text(),'Past Jombone Employments')]"}
  (Session info: chrome=80.0.3987.122)
For documentation on this error, please visit: https://www.seleniumhq.org/exceptions/no_such_element.html
Build info: version: '3.141.59', revision: 'e82be7d358', time: '2018-11-14T08:17:03'
System info: host: 'Motasems-MacBook-Pro.local', ip: '2607:fea8:4f20:dcd8:0:0:0:4%en0', os.name: 'Mac OS X', os.arch: 'x86_64', os.version: '10.14.6', java.version: '10.0.2'
Driver info: org.openqa.selenium.chrome.ChromeDriver
Capabilities {acceptInsecureCerts: false, browserName: chrome, browserVersion: 80.0.3987.122, chrome: {chromedriverVersion: 80.0.3987.16 (320f6526c1632..., userDataDir: /var/folders/7c/tgn6552x7db...}, goog:chromeOptions: {debuggerAddress: localhost:56689}, javascriptEnabled: true, networkConnectionEnabled: false, pageLoadStrategy: normal, platform: MAC, platformName: MAC, proxy: Proxy(), setWindowRect: true, strictFileInteractability: false, timeouts: {implicit: 0, pageLoad: 300000, script: 30000}, unhandledPromptBehavior: dismiss and notify}
Session ID: a7d3516daffd8ed11ef9728968afc177
*** Element info: {Using=xpath, value=//ul[@class='left_link']//a[contains(text(),'Past Jombone Employments')]}
	at com.testCases.JMB_TC_003.JMB_TC_003(JMB_TC_003.java:38)
</failure>
    <system-out><![CDATA[DEBUG [main] (BaseClass.java:38)- Debug logging has started 
]]></system-out>
    <system-err><![CDATA[Starting ChromeDriver 80.0.3987.16 (320f6526c1632ad4f205ebce69b99a062ed78647-refs/branch-heads/3987@{#185}) on port 7081
Only local connections are allowed.
Please protect ports used by ChromeDriver and related test frameworks to prevent access by malicious code.
Feb 28, 2020 11:50:25 PM org.openqa.selenium.remote.ProtocolHandshake createSession
INFO: Detected dialect: W3C
[1582951825.607][SEVERE]: Timed out receiving message from renderer: 0.100
[1582951826.084][SEVERE]: Timed out receiving message from renderer: 0.100
[1582951826.824][SEVERE]: Timed out receiving message from renderer: 0.100
[1582951826.926][SEVERE]: Timed out receiving message from renderer: 0.100
[1582951830.157][SEVERE]: Timed out receiving message from renderer: 0.100
]]></system-err>
  </testcase>
  <testcase name="JMB_TC_004" classname="com.testCases.JMB_TC_004" time="3.155"/>
  <testcase name="JMB_TC_005" classname="com.testCases.JMB_TC_005" time="2.498"/>
</testsuite>